Arguments: 
  /home/danny/.nvm/versions/node/v18.16.0/bin/node /usr/share/yarn/bin/yarn.js add @microsoft/fast-foundation 3.3.3-alpha.27

PATH: 
  /home/danny/miniconda3/bin:/home/danny/miniconda3/condabin:/home/danny/.nvm/versions/node/v18.16.0/bin:/usr/local/sbin:/usr/local/bin:/usr/sbin:/usr/bin:/sbin:/bin:/usr/games:/usr/local/games:/snap/bin:/snap/bin

Yarn version: 
  1.22.19

Node version: 
  18.16.0

Platform: 
  linux x64

Trace: 
  Error: https://registry.yarnpkg.com/3.3.3-alpha.27: Not found
      at params.callback [as _callback] (/usr/share/yarn/lib/cli.js:66145:18)
      at self.callback (/usr/share/yarn/lib/cli.js:140890:22)
      at Request.emit (node:events:513:28)
      at Request.<anonymous> (/usr/share/yarn/lib/cli.js:141862:10)
      at Request.emit (node:events:513:28)
      at IncomingMessage.<anonymous> (/usr/share/yarn/lib/cli.js:141784:12)
      at Object.onceWrapper (node:events:627:28)
      at IncomingMessage.emit (node:events:525:35)
      at endReadableNT (node:internal/streams/readable:1359:12)
      at process.processTicksAndRejections (node:internal/process/task_queues:82:21)

npm manifest: 
  {
    "dependencies": {
      "@microsoft/fast-foundation": "^3.0.0-alpha.27"
    }
  }

yarn manifest: 
  No manifest

Lockfile: 
  # THIS IS AN AUTOGENERATED FILE. DO NOT EDIT THIS FILE DIRECTLY.
  # yarn lockfile v1
  
  
  "@microsoft/fast-element@^1.12.0":
    version "1.12.0"
    resolved "https://registry.yarnpkg.com/@microsoft/fast-element/-/fast-element-1.12.0.tgz#aabfc75518c3a9000710cce5f66dfc677de8c254"
    integrity sha512-gQutuDHPKNxUEcQ4pypZT4Wmrbapus+P9s3bR/SEOLsMbNqNoXigGImITygI5zhb+aA5rzflM6O8YWkmRbGkPA==
  
  "@microsoft/fast-foundation@^2.49.0":
    version "2.49.0"
    resolved "https://registry.yarnpkg.com/@microsoft/fast-foundation/-/fast-foundation-2.49.0.tgz#cfacc35fb48c713d08d1bb493476bafe88d77455"
    integrity sha512-Wk4e4QXFVtT5hPwhMfHyGY30kixM0td8aDs7bAD6NM2z2SCBNvpTTWp+FCjx0I0lpUMlMenb6wsw7pMWQreRkQ==
    dependencies:
      "@microsoft/fast-element" "^1.12.0"
      "@microsoft/fast-web-utilities" "^5.4.1"
      tabbable "^5.2.0"
      tslib "^1.13.0"
  
  "@microsoft/fast-web-utilities@^5.4.1":
    version "5.4.1"
    resolved "https://registry.yarnpkg.com/@microsoft/fast-web-utilities/-/fast-web-utilities-5.4.1.tgz#8e3082ee2ff2b5467f17e7cb1fb01b0e4906b71f"
    integrity sha512-ReWYncndjV3c8D8iq9tp7NcFNc1vbVHvcBFPME2nNFKNbS1XCesYZGlIlf3ot5EmuOXPlrzUHOWzQ2vFpIkqDg==
    dependencies:
      exenv-es6 "^1.1.1"
  
  exenv-es6@^1.1.1:
    version "1.1.1"
    resolved "https://registry.yarnpkg.com/exenv-es6/-/exenv-es6-1.1.1.tgz#80b7a8c5af24d53331f755bac07e84abb1f6de67"
    integrity sha512-vlVu3N8d6yEMpMsEm+7sUBAI81aqYYuEvfK0jNqmdb/OPXzzH7QWDDnVjMvDSY47JdHEqx/dfC/q8WkfoTmpGQ==
  
  tabbable@^5.2.0:
    version "5.3.3"
    resolved "https://registry.yarnpkg.com/tabbable/-/tabbable-5.3.3.tgz#aac0ff88c73b22d6c3c5a50b1586310006b47fbf"
    integrity sha512-QD9qKY3StfbZqWOPLp0++pOrAVb/HbUi5xCc8cUo4XjP19808oaMiDzn0leBY5mCespIBM0CIZePzZjgzR83kA==
  
  tslib@^1.13.0:
    version "1.14.1"
    resolved "https://registry.yarnpkg.com/tslib/-/tslib-1.14.1.tgz#cf2d38bdc34a134bcaf1091c41f6619e2f672d00"
    integrity sha512-Xni35NKzjgMrwevysHTCArtLDpPvye8zV/0E4EyYn43P7/7qvQwPh9BGkHewbMulVntbigmcT7rdX3BNo9wRJg==
